<?xml version="1.0" encoding="UTF-8"?>
<testng-results ignored="0" total="1" passed="1" failed="0" skipped="0">
  <reporter-output>
  </reporter-output>
  <suite started-at="2021-12-14T11:25:48 EST" name="Command line suite" finished-at="2021-12-14T11:26:04 EST" duration-ms="15545">
    <groups>
      <group name="cucumber">
        <method signature="AbstractTestNGCucumberTests.runScenario(io.cucumber.testng.PickleWrapper,io.cucumber.testng.FeatureWrapper)[pri:0, instance:com.unitedairline.base.TestRunner@7098b907]" name="runScenario" class="io.cucumber.testng.AbstractTestNGCucumberTests"/>
      </group> <!-- cucumber -->
    </groups>
    <test started-at="2021-12-14T11:25:48 EST" name="Command line test" finished-at="2021-12-14T11:26:04 EST" duration-ms="15545">
      <class name="com.unitedairline.base.TestRunner">
        <test-method is-config="true" signature="setUpClass()[pri:0, instance:com.unitedairline.base.TestRunner@7098b907]" started-at="2021-12-14T11:25:48 EST" name="setUpClass" finished-at="2021-12-14T11:25:49 EST" duration-ms="305" status="PASS">
          <reporter-output>
          </reporter-output>
        </test-method> <!-- setUpClass -->
        <test-method signature="runScenario(io.cucumber.testng.PickleWrapper,io.cucumber.testng.FeatureWrapper)[pri:0, instance:com.unitedairline.base.TestRunner@7098b907]" started-at="2021-12-14T11:25:49 EST" name="runScenario" description="Runs Cucumber Scenarios" data-provider="scenarios" finished-at="2021-12-14T11:26:04 EST" duration-ms="15194" status="PASS">
          <params>
            <param index="0">
              <value>
                <![CDATA["Vacation form should have only up to 4 rooms"]]>
              </value>
            </param>
            <param index="1">
              <value>
                <![CDATA["Optional[Package Regression Tests]"]]>
              </value>
            </param>
          </params>
          <reporter-output>
          </reporter-output>
        </test-method> <!-- runScenario -->
        <test-method is-config="true" signature="tearDownClass()[pri:0, instance:com.unitedairline.base.TestRunner@7098b907]" started-at="2021-12-14T11:26:04 EST" name="tearDownClass" finished-at="2021-12-14T11:26:04 EST" duration-ms="4" status="PASS">
          <reporter-output>
          </reporter-output>
        </test-method> <!-- tearDownClass -->
      </class> <!-- com.unitedairline.base.TestRunner -->
    </test> <!-- Command line test -->
  </suite> <!-- Command line suite -->
</testng-results>
